0 verbose cli C:\Program Files\nodejs\node.exe C:\Program Files\nodejs\node_modules\npm\bin\npm-cli.js
1 info using npm@10.9.2
2 info using node@v22.13.1
3 silly config load:file:C:\Program Files\nodejs\node_modules\npm\npmrc
4 silly config load:file:C:\Users\israe\OneDrive\Desktop\Pasantia\App Movil\bolipost-main\.npmrc
5 silly config load:file:C:\Users\israe\.npmrc
6 silly config load:file:C:\Users\israe\AppData\Roaming\npm\etc\npmrc
7 verbose title npm install
8 verbose argv "install" "--no-audit" "--no-fund"
9 verbose logfile logs-max:10 dir:C:\Users\israe\OneDrive\Desktop\Pasantia\App Movil\bolipost-main\.npm-cache\_logs\2026-03-14T04_45_10_758Z-
10 verbose logfile C:\Users\israe\OneDrive\Desktop\Pasantia\App Movil\bolipost-main\.npm-cache\_logs\2026-03-14T04_45_10_758Z-debug-0.log
11 silly logfile done cleaning log files
12 silly packumentCache heap:2197815296 maxSize:549453824 maxEntrySize:274726912
13 silly idealTree buildDeps
14 silly reify moves {}
15 verbose reify failed optional dependency C:\Users\israe\OneDrive\Desktop\Pasantia\App Movil\bolipost-main\node_modules\@tailwindcss\oxide-wasm32-wasi
16 silly reify mark deleted [
16 silly reify   'C:\\Users\\israe\\OneDrive\\Desktop\\Pasantia\\App Movil\\bolipost-main\\node_modules\\@tailwindcss\\oxide-wasm32-wasi'
16 silly reify ]
17 verbose reify failed optional dependency C:\Users\israe\OneDrive\Desktop\Pasantia\App Movil\bolipost-main\node_modules\lightningcss-win32-arm64-msvc
18 silly reify mark deleted [
18 silly reify   'C:\\Users\\israe\\OneDrive\\Desktop\\Pasantia\\App Movil\\bolipost-main\\node_modules\\lightningcss-win32-arm64-msvc'
18 silly reify ]
19 verbose reify failed optional dependency C:\Users\israe\OneDrive\Desktop\Pasantia\App Movil\bolipost-main\node_modules\lightningcss-linux-x64-musl
20 silly reify mark deleted [
20 silly reify   'C:\\Users\\israe\\OneDrive\\Desktop\\Pasantia\\App Movil\\bolipost-main\\node_modules\\lightningcss-linux-x64-musl'
20 silly reify ]
21 verbose reify failed optional dependency C:\Users\israe\OneDrive\Desktop\Pasantia\App Movil\bolipost-main\node_modules\lightningcss-linux-x64-gnu
22 silly reify mark deleted [
22 silly reify   'C:\\Users\\israe\\OneDrive\\Desktop\\Pasantia\\App Movil\\bolipost-main\\node_modules\\lightningcss-linux-x64-gnu'
22 silly reify ]
23 verbose reify failed optional dependency C:\Users\israe\OneDrive\Desktop\Pasantia\App Movil\bolipost-main\node_modules\lightningcss-linux-arm64-musl
24 silly reify mark deleted [
24 silly reify   'C:\\Users\\israe\\OneDrive\\Desktop\\Pasantia\\App Movil\\bolipost-main\\node_modules\\lightningcss-linux-arm64-musl'
24 silly reify ]
25 verbose reify failed optional dependency C:\Users\israe\OneDrive\Desktop\Pasantia\App Movil\bolipost-main\node_modules\lightningcss-linux-arm64-gnu
26 silly reify mark deleted [
26 silly reify   'C:\\Users\\israe\\OneDrive\\Desktop\\Pasantia\\App Movil\\bolipost-main\\node_modules\\lightningcss-linux-arm64-gnu'
26 silly reify ]
27 verbose reify failed optional dependency C:\Users\israe\OneDrive\Desktop\Pasantia\App Movil\bolipost-main\node_modules\lightningcss-linux-arm-gnueabihf
28 silly reify mark deleted [
28 silly reify   'C:\\Users\\israe\\OneDrive\\Desktop\\Pasantia\\App Movil\\bolipost-main\\node_modules\\lightningcss-linux-arm-gnueabihf'
28 silly reify ]
29 verbose reify failed optional dependency C:\Users\israe\OneDrive\Desktop\Pasantia\App Movil\bolipost-main\node_modules\lightningcss-freebsd-x64
30 silly reify mark deleted [
30 silly reify   'C:\\Users\\israe\\OneDrive\\Desktop\\Pasantia\\App Movil\\bolipost-main\\node_modules\\lightningcss-freebsd-x64'
30 silly reify ]
31 verbose reify failed optional dependency C:\Users\israe\OneDrive\Desktop\Pasantia\App Movil\bolipost-main\node_modules\lightningcss-darwin-x64
32 silly reify mark deleted [
32 silly reify   'C:\\Users\\israe\\OneDrive\\Desktop\\Pasantia\\App Movil\\bolipost-main\\node_modules\\lightningcss-darwin-x64'
32 silly reify ]
33 verbose reify failed optional dependency C:\Users\israe\OneDrive\Desktop\Pasantia\App Movil\bolipost-main\node_modules\lightningcss-darwin-arm64
34 silly reify mark deleted [
34 silly reify   'C:\\Users\\israe\\OneDrive\\Desktop\\Pasantia\\App Movil\\bolipost-main\\node_modules\\lightningcss-darwin-arm64'
34 silly reify ]
35 verbose reify failed optional dependency C:\Users\israe\OneDrive\Desktop\Pasantia\App Movil\bolipost-main\node_modules\fsevents
36 silly reify mark deleted [
36 silly reify   'C:\\Users\\israe\\OneDrive\\Desktop\\Pasantia\\App Movil\\bolipost-main\\node_modules\\fsevents'
36 silly reify ]
37 verbose reify failed optional dependency C:\Users\israe\OneDrive\Desktop\Pasantia\App Movil\bolipost-main\node_modules\@tailwindcss\oxide-win32-arm64-msvc
38 silly reify mark deleted [
38 silly reify   'C:\\Users\\israe\\OneDrive\\Desktop\\Pasantia\\App Movil\\bolipost-main\\node_modules\\@tailwindcss\\oxide-win32-arm64-msvc'
38 silly reify ]
39 verbose reify failed optional dependency C:\Users\israe\OneDrive\Desktop\Pasantia\App Movil\bolipost-main\node_modules\@tailwindcss\oxide-linux-x64-musl
40 silly reify mark deleted [
40 silly reify   'C:\\Users\\israe\\OneDrive\\Desktop\\Pasantia\\App Movil\\bolipost-main\\node_modules\\@tailwindcss\\oxide-linux-x64-musl'
40 silly reify ]
41 verbose reify failed optional dependency C:\Users\israe\OneDrive\Desktop\Pasantia\App Movil\bolipost-main\node_modules\@tailwindcss\oxide-linux-x64-gnu
42 silly reify mark deleted [
42 silly reify   'C:\\Users\\israe\\OneDrive\\Desktop\\Pasantia\\App Movil\\bolipost-main\\node_modules\\@tailwindcss\\oxide-linux-x64-gnu'
42 silly reify ]
43 verbose reify failed optional dependency C:\Users\israe\OneDrive\Desktop\Pasantia\App Movil\bolipost-main\node_modules\@tailwindcss\oxide-linux-arm64-musl
44 silly reify mark deleted [
44 silly reify   'C:\\Users\\israe\\OneDrive\\Desktop\\Pasantia\\App Movil\\bolipost-main\\node_modules\\@tailwindcss\\oxide-linux-arm64-musl'
44 silly reify ]
45 verbose reify failed optional dependency C:\Users\israe\OneDrive\Desktop\Pasantia\App Movil\bolipost-main\node_modules\@tailwindcss\oxide-linux-arm64-gnu
46 silly reify mark deleted [
46 silly reify   'C:\\Users\\israe\\OneDrive\\Desktop\\Pasantia\\App Movil\\bolipost-main\\node_modules\\@tailwindcss\\oxide-linux-arm64-gnu'
46 silly reify ]
47 verbose reify failed optional dependency C:\Users\israe\OneDrive\Desktop\Pasantia\App Movil\bolipost-main\node_modules\@tailwindcss\oxide-linux-arm-gnueabihf
48 silly reify mark deleted [
48 silly reify   'C:\\Users\\israe\\OneDrive\\Desktop\\Pasantia\\App Movil\\bolipost-main\\node_modules\\@tailwindcss\\oxide-linux-arm-gnueabihf'
48 silly reify ]
49 verbose reify failed optional dependency C:\Users\israe\OneDrive\Desktop\Pasantia\App Movil\bolipost-main\node_modules\@tailwindcss\oxide-freebsd-x64
50 silly reify mark deleted [
50 silly reify   'C:\\Users\\israe\\OneDrive\\Desktop\\Pasantia\\App Movil\\bolipost-main\\node_modules\\@tailwindcss\\oxide-freebsd-x64'
50 silly reify ]
51 verbose reify failed optional dependency C:\Users\israe\OneDrive\Desktop\Pasantia\App Movil\bolipost-main\node_modules\@tailwindcss\oxide-darwin-x64
52 silly reify mark deleted [
52 silly reify   'C:\\Users\\israe\\OneDrive\\Desktop\\Pasantia\\App Movil\\bolipost-main\\node_modules\\@tailwindcss\\oxide-darwin-x64'
52 silly reify ]
53 verbose reify failed optional dependency C:\Users\israe\OneDrive\Desktop\Pasantia\App Movil\bolipost-main\node_modules\@tailwindcss\oxide-darwin-arm64
54 silly reify mark deleted [
54 silly reify   'C:\\Users\\israe\\OneDrive\\Desktop\\Pasantia\\App Movil\\bolipost-main\\node_modules\\@tailwindcss\\oxide-darwin-arm64'
54 silly reify ]
55 verbose reify failed optional dependency C:\Users\israe\OneDrive\Desktop\Pasantia\App Movil\bolipost-main\node_modules\@tailwindcss\oxide-android-arm64
56 silly reify mark deleted [
56 silly reify   'C:\\Users\\israe\\OneDrive\\Desktop\\Pasantia\\App Movil\\bolipost-main\\node_modules\\@tailwindcss\\oxide-android-arm64'
56 silly reify ]
57 verbose reify failed optional dependency C:\Users\israe\OneDrive\Desktop\Pasantia\App Movil\bolipost-main\node_modules\@rollup\rollup-win32-ia32-msvc
58 silly reify mark deleted [
58 silly reify   'C:\\Users\\israe\\OneDrive\\Desktop\\Pasantia\\App Movil\\bolipost-main\\node_modules\\@rollup\\rollup-win32-ia32-msvc'
58 silly reify ]
59 verbose reify failed optional dependency C:\Users\israe\OneDrive\Desktop\Pasantia\App Movil\bolipost-main\node_modules\@rollup\rollup-win32-arm64-msvc
60 silly reify mark deleted [
60 silly reify   'C:\\Users\\israe\\OneDrive\\Desktop\\Pasantia\\App Movil\\bolipost-main\\node_modules\\@rollup\\rollup-win32-arm64-msvc'
60 silly reify ]
61 verbose reify failed optional dependency C:\Users\israe\OneDrive\Desktop\Pasantia\App Movil\bolipost-main\node_modules\@rollup\rollup-linux-x64-musl
62 silly reify mark deleted [
62 silly reify   'C:\\Users\\israe\\OneDrive\\Desktop\\Pasantia\\App Movil\\bolipost-main\\node_modules\\@rollup\\rollup-linux-x64-musl'
62 silly reify ]
63 verbose reify failed optional dependency C:\Users\israe\OneDrive\Desktop\Pasantia\App Movil\bolipost-main\node_modules\@rollup\rollup-linux-x64-gnu
64 silly reify mark deleted [
64 silly reify   'C:\\Users\\israe\\OneDrive\\Desktop\\Pasantia\\App Movil\\bolipost-main\\node_modules\\@rollup\\rollup-linux-x64-gnu'
64 silly reify ]
65 verbose reify failed optional dependency C:\Users\israe\OneDrive\Desktop\Pasantia\App Movil\bolipost-main\node_modules\@rollup\rollup-linux-s390x-gnu
66 silly reify mark deleted [
66 silly reify   'C:\\Users\\israe\\OneDrive\\Desktop\\Pasantia\\App Movil\\bolipost-main\\node_modules\\@rollup\\rollup-linux-s390x-gnu'
66 silly reify ]
67 verbose reify failed optional dependency C:\Users\israe\OneDrive\Desktop\Pasantia\App Movil\bolipost-main\node_modules\@rollup\rollup-linux-riscv64-musl
68 silly reify mark deleted [
68 silly reify   'C:\\Users\\israe\\OneDrive\\Desktop\\Pasantia\\App Movil\\bolipost-main\\node_modules\\@rollup\\rollup-linux-riscv64-musl'
68 silly reify ]
69 verbose reify failed optional dependency C:\Users\israe\OneDrive\Desktop\Pasantia\App Movil\bolipost-main\node_modules\@rollup\rollup-linux-riscv64-gnu
70 silly reify mark deleted [
70 silly reify   'C:\\Users\\israe\\OneDrive\\Desktop\\Pasantia\\App Movil\\bolipost-main\\node_modules\\@rollup\\rollup-linux-riscv64-gnu'
70 silly reify ]
71 verbose reify failed optional dependency C:\Users\israe\OneDrive\Desktop\Pasantia\App Movil\bolipost-main\node_modules\@rollup\rollup-linux-powerpc64le-gnu
72 silly reify mark deleted [
72 silly reify   'C:\\Users\\israe\\OneDrive\\Desktop\\Pasantia\\App Movil\\bolipost-main\\node_modules\\@rollup\\rollup-linux-powerpc64le-gnu'
72 silly reify ]
73 verbose reify failed optional dependency C:\Users\israe\OneDrive\Desktop\Pasantia\App Movil\bolipost-main\node_modules\@rollup\rollup-linux-loongarch64-gnu
74 silly reify mark deleted [
74 silly reify   'C:\\Users\\israe\\OneDrive\\Desktop\\Pasantia\\App Movil\\bolipost-main\\node_modules\\@rollup\\rollup-linux-loongarch64-gnu'
74 silly reify ]
75 verbose reify failed optional dependency C:\Users\israe\OneDrive\Desktop\Pasantia\App Movil\bolipost-main\node_modules\@rollup\rollup-linux-arm64-musl
76 silly reify mark deleted [
76 silly reify   'C:\\Users\\israe\\OneDrive\\Desktop\\Pasantia\\App Movil\\bolipost-main\\node_modules\\@rollup\\rollup-linux-arm64-musl'
76 silly reify ]
77 verbose reify failed optional dependency C:\Users\israe\OneDrive\Desktop\Pasantia\App Movil\bolipost-main\node_modules\@rollup\rollup-linux-arm64-gnu
78 silly reify mark deleted [
78 silly reify   'C:\\Users\\israe\\OneDrive\\Desktop\\Pasantia\\App Movil\\bolipost-main\\node_modules\\@rollup\\rollup-linux-arm64-gnu'
78 silly reify ]
79 verbose reify failed optional dependency C:\Users\israe\OneDrive\Desktop\Pasantia\App Movil\bolipost-main\node_modules\@rollup\rollup-linux-arm-musleabihf
80 silly reify mark deleted [
80 silly reify   'C:\\Users\\israe\\OneDrive\\Desktop\\Pasantia\\App Movil\\bolipost-main\\node_modules\\@rollup\\rollup-linux-arm-musleabihf'
80 silly reify ]
81 verbose reify failed optional dependency C:\Users\israe\OneDrive\Desktop\Pasantia\App Movil\bolipost-main\node_modules\@rollup\rollup-linux-arm-gnueabihf
82 silly reify mark deleted [
82 silly reify   'C:\\Users\\israe\\OneDrive\\Desktop\\Pasantia\\App Movil\\bolipost-main\\node_modules\\@rollup\\rollup-linux-arm-gnueabihf'
82 silly reify ]
83 verbose reify failed optional dependency C:\Users\israe\OneDrive\Desktop\Pasantia\App Movil\bolipost-main\node_modules\@rollup\rollup-freebsd-x64
84 silly reify mark deleted [
84 silly reify   'C:\\Users\\israe\\OneDrive\\Desktop\\Pasantia\\App Movil\\bolipost-main\\node_modules\\@rollup\\rollup-freebsd-x64'
84 silly reify ]
85 verbose reify failed optional dependency C:\Users\israe\OneDrive\Desktop\Pasantia\App Movil\bolipost-main\node_modules\@rollup\rollup-freebsd-arm64
86 silly reify mark deleted [
86 silly reify   'C:\\Users\\israe\\OneDrive\\Desktop\\Pasantia\\App Movil\\bolipost-main\\node_modules\\@rollup\\rollup-freebsd-arm64'
86 silly reify ]
87 verbose reify failed optional dependency C:\Users\israe\OneDrive\Desktop\Pasantia\App Movil\bolipost-main\node_modules\@rollup\rollup-darwin-x64
88 silly reify mark deleted [
88 silly reify   'C:\\Users\\israe\\OneDrive\\Desktop\\Pasantia\\App Movil\\bolipost-main\\node_modules\\@rollup\\rollup-darwin-x64'
88 silly reify ]
89 verbose reify failed optional dependency C:\Users\israe\OneDrive\Desktop\Pasantia\App Movil\bolipost-main\node_modules\@rollup\rollup-darwin-arm64
90 silly reify mark deleted [
90 silly reify   'C:\\Users\\israe\\OneDrive\\Desktop\\Pasantia\\App Movil\\bolipost-main\\node_modules\\@rollup\\rollup-darwin-arm64'
90 silly reify ]
91 verbose reify failed optional dependency C:\Users\israe\OneDrive\Desktop\Pasantia\App Movil\bolipost-main\node_modules\@rollup\rollup-android-arm64
92 silly reify mark deleted [
92 silly reify   'C:\\Users\\israe\\OneDrive\\Desktop\\Pasantia\\App Movil\\bolipost-main\\node_modules\\@rollup\\rollup-android-arm64'
92 silly reify ]
93 verbose reify failed optional dependency C:\Users\israe\OneDrive\Desktop\Pasantia\App Movil\bolipost-main\node_modules\@rollup\rollup-android-arm-eabi
94 silly reify mark deleted [
94 silly reify   'C:\\Users\\israe\\OneDrive\\Desktop\\Pasantia\\App Movil\\bolipost-main\\node_modules\\@rollup\\rollup-android-arm-eabi'
94 silly reify ]
95 verbose reify failed optional dependency C:\Users\israe\OneDrive\Desktop\Pasantia\App Movil\bolipost-main\node_modules\@esbuild\win32-ia32
96 silly reify mark deleted [
96 silly reify   'C:\\Users\\israe\\OneDrive\\Desktop\\Pasantia\\App Movil\\bolipost-main\\node_modules\\@esbuild\\win32-ia32'
96 silly reify ]
97 verbose reify failed optional dependency C:\Users\israe\OneDrive\Desktop\Pasantia\App Movil\bolipost-main\node_modules\@esbuild\win32-arm64
98 silly reify mark deleted [
98 silly reify   'C:\\Users\\israe\\OneDrive\\Desktop\\Pasantia\\App Movil\\bolipost-main\\node_modules\\@esbuild\\win32-arm64'
98 silly reify ]
99 verbose reify failed optional dependency C:\Users\israe\OneDrive\Desktop\Pasantia\App Movil\bolipost-main\node_modules\@esbuild\sunos-x64
100 silly reify mark deleted [
100 silly reify   'C:\\Users\\israe\\OneDrive\\Desktop\\Pasantia\\App Movil\\bolipost-main\\node_modules\\@esbuild\\sunos-x64'
100 silly reify ]
101 verbose reify failed optional dependency C:\Users\israe\OneDrive\Desktop\Pasantia\App Movil\bolipost-main\node_modules\@esbuild\openbsd-x64
102 silly reify mark deleted [
102 silly reify   'C:\\Users\\israe\\OneDrive\\Desktop\\Pasantia\\App Movil\\bolipost-main\\node_modules\\@esbuild\\openbsd-x64'
102 silly reify ]
103 verbose reify failed optional dependency C:\Users\israe\OneDrive\Desktop\Pasantia\App Movil\bolipost-main\node_modules\@esbuild\openbsd-arm64
104 silly reify mark deleted [
104 silly reify   'C:\\Users\\israe\\OneDrive\\Desktop\\Pasantia\\App Movil\\bolipost-main\\node_modules\\@esbuild\\openbsd-arm64'
104 silly reify ]
105 verbose reify failed optional dependency C:\Users\israe\OneDrive\Desktop\Pasantia\App Movil\bolipost-main\node_modules\@esbuild\netbsd-x64
106 silly reify mark deleted [
106 silly reify   'C:\\Users\\israe\\OneDrive\\Desktop\\Pasantia\\App Movil\\bolipost-main\\node_modules\\@esbuild\\netbsd-x64'
106 silly reify ]
107 verbose reify failed optional dependency C:\Users\israe\OneDrive\Desktop\Pasantia\App Movil\bolipost-main\node_modules\@esbuild\netbsd-arm64
108 silly reify mark deleted [
108 silly reify   'C:\\Users\\israe\\OneDrive\\Desktop\\Pasantia\\App Movil\\bolipost-main\\node_modules\\@esbuild\\netbsd-arm64'
108 silly reify ]
109 verbose reify failed optional dependency C:\Users\israe\OneDrive\Desktop\Pasantia\App Movil\bolipost-main\node_modules\@esbuild\linux-x64
110 silly reify mark deleted [
110 silly reify   'C:\\Users\\israe\\OneDrive\\Desktop\\Pasantia\\App Movil\\bolipost-main\\node_modules\\@esbuild\\linux-x64'
110 silly reify ]
111 verbose reify failed optional dependency C:\Users\israe\OneDrive\Desktop\Pasantia\App Movil\bolipost-main\node_modules\@esbuild\linux-s390x
112 silly reify mark deleted [
112 silly reify   'C:\\Users\\israe\\OneDrive\\Desktop\\Pasantia\\App Movil\\bolipost-main\\node_modules\\@esbuild\\linux-s390x'
112 silly reify ]
113 verbose reify failed optional dependency C:\Users\israe\OneDrive\Desktop\Pasantia\App Movil\bolipost-main\node_modules\@esbuild\linux-riscv64
114 silly reify mark deleted [
114 silly reify   'C:\\Users\\israe\\OneDrive\\Desktop\\Pasantia\\App Movil\\bolipost-main\\node_modules\\@esbuild\\linux-riscv64'
114 silly reify ]
115 verbose reify failed optional dependency C:\Users\israe\OneDrive\Desktop\Pasantia\App Movil\bolipost-main\node_modules\@esbuild\linux-ppc64
116 silly reify mark deleted [
116 silly reify   'C:\\Users\\israe\\OneDrive\\Desktop\\Pasantia\\App Movil\\bolipost-main\\node_modules\\@esbuild\\linux-ppc64'
116 silly reify ]
117 verbose reify failed optional dependency C:\Users\israe\OneDrive\Desktop\Pasantia\App Movil\bolipost-main\node_modules\@esbuild\linux-mips64el
118 silly reify mark deleted [
118 silly reify   'C:\\Users\\israe\\OneDrive\\Desktop\\Pasantia\\App Movil\\bolipost-main\\node_modules\\@esbuild\\linux-mips64el'
118 silly reify ]
119 verbose reify failed optional dependency C:\Users\israe\OneDrive\Desktop\Pasantia\App Movil\bolipost-main\node_modules\@esbuild\linux-loong64
120 silly reify mark deleted [
120 silly reify   'C:\\Users\\israe\\OneDrive\\Desktop\\Pasantia\\App Movil\\bolipost-main\\node_modules\\@esbuild\\linux-loong64'
120 silly reify ]
121 verbose reify failed optional dependency C:\Users\israe\OneDrive\Desktop\Pasantia\App Movil\bolipost-main\node_modules\@esbuild\linux-ia32
122 silly reify mark deleted [
122 silly reify   'C:\\Users\\israe\\OneDrive\\Desktop\\Pasantia\\App Movil\\bolipost-main\\node_modules\\@esbuild\\linux-ia32'
122 silly reify ]
123 verbose reify failed optional dependency C:\Users\israe\OneDrive\Desktop\Pasantia\App Movil\bolipost-main\node_modules\@esbuild\linux-arm64
124 silly reify mark deleted [
124 silly reify   'C:\\Users\\israe\\OneDrive\\Desktop\\Pasantia\\App Movil\\bolipost-main\\node_modules\\@esbuild\\linux-arm64'
124 silly reify ]
125 verbose reify failed optional dependency C:\Users\israe\OneDrive\Desktop\Pasantia\App Movil\bolipost-main\node_modules\@esbuild\linux-arm
126 silly reify mark deleted [
126 silly reify   'C:\\Users\\israe\\OneDrive\\Desktop\\Pasantia\\App Movil\\bolipost-main\\node_modules\\@esbuild\\linux-arm'
126 silly reify ]
127 verbose reify failed optional dependency C:\Users\israe\OneDrive\Desktop\Pasantia\App Movil\bolipost-main\node_modules\@esbuild\freebsd-x64
128 silly reify mark deleted [
128 silly reify   'C:\\Users\\israe\\OneDrive\\Desktop\\Pasantia\\App Movil\\bolipost-main\\node_modules\\@esbuild\\freebsd-x64'
128 silly reify ]
129 verbose reify failed optional dependency C:\Users\israe\OneDrive\Desktop\Pasantia\App Movil\bolipost-main\node_modules\@esbuild\freebsd-arm64
130 silly reify mark deleted [
130 silly reify   'C:\\Users\\israe\\OneDrive\\Desktop\\Pasantia\\App Movil\\bolipost-main\\node_modules\\@esbuild\\freebsd-arm64'
130 silly reify ]
131 verbose reify failed optional dependency C:\Users\israe\OneDrive\Desktop\Pasantia\App Movil\bolipost-main\node_modules\@esbuild\darwin-x64
132 silly reify mark deleted [
132 silly reify   'C:\\Users\\israe\\OneDrive\\Desktop\\Pasantia\\App Movil\\bolipost-main\\node_modules\\@esbuild\\darwin-x64'
132 silly reify ]
133 verbose reify failed optional dependency C:\Users\israe\OneDrive\Desktop\Pasantia\App Movil\bolipost-main\node_modules\@esbuild\darwin-arm64
134 silly reify mark deleted [
134 silly reify   'C:\\Users\\israe\\OneDrive\\Desktop\\Pasantia\\App Movil\\bolipost-main\\node_modules\\@esbuild\\darwin-arm64'
134 silly reify ]
135 verbose reify failed optional dependency C:\Users\israe\OneDrive\Desktop\Pasantia\App Movil\bolipost-main\node_modules\@esbuild\android-x64
136 silly reify mark deleted [
136 silly reify   'C:\\Users\\israe\\OneDrive\\Desktop\\Pasantia\\App Movil\\bolipost-main\\node_modules\\@esbuild\\android-x64'
136 silly reify ]
137 verbose reify failed optional dependency C:\Users\israe\OneDrive\Desktop\Pasantia\App Movil\bolipost-main\node_modules\@esbuild\android-arm64
138 silly reify mark deleted [
138 silly reify   'C:\\Users\\israe\\OneDrive\\Desktop\\Pasantia\\App Movil\\bolipost-main\\node_modules\\@esbuild\\android-arm64'
138 silly reify ]
139 verbose reify failed optional dependency C:\Users\israe\OneDrive\Desktop\Pasantia\App Movil\bolipost-main\node_modules\@esbuild\android-arm
140 silly reify mark deleted [
140 silly reify   'C:\\Users\\israe\\OneDrive\\Desktop\\Pasantia\\App Movil\\bolipost-main\\node_modules\\@esbuild\\android-arm'
140 silly reify ]
141 verbose reify failed optional dependency C:\Users\israe\OneDrive\Desktop\Pasantia\App Movil\bolipost-main\node_modules\@esbuild\aix-ppc64
142 silly reify mark deleted [
142 silly reify   'C:\\Users\\israe\\OneDrive\\Desktop\\Pasantia\\App Movil\\bolipost-main\\node_modules\\@esbuild\\aix-ppc64'
142 silly reify ]
143 http cache yargs-parser@https://registry.npmjs.org/yargs-parser/-/yargs-parser-21.1.1.tgz 1ms (cache hit)
144 http cache yargs@https://registry.npmjs.org/yargs/-/yargs-17.7.2.tgz 0ms (cache hit)
145 http cache y18n@https://registry.npmjs.org/y18n/-/y18n-5.0.8.tgz 0ms (cache hit)
146 http cache yaml@https://registry.npmjs.org/yaml/-/yaml-2.8.0.tgz 0ms (cache hit)
147 http cache wrap-ansi-cjs@https://registry.npmjs.org/wrap-ansi/-/wrap-ansi-7.0.0.tgz 0ms (cache hit)
148 http cache yallist@https://registry.npmjs.org/yallist/-/yallist-5.0.0.tgz 0ms (cache hit)
149 http cache wrap-ansi@https://registry.npmjs.org/wrap-ansi/-/wrap-ansi-7.0.0.tgz 0ms (cache hit)
150 http cache which@https://registry.npmjs.org/which/-/which-2.0.2.tgz 0ms (cache hit)
151 http cache vite-plugin-full-reload@https://registry.npmjs.org/vite-plugin-full-reload/-/vite-plugin-full-reload-1.2.0.tgz 0ms (cache hit)
152 http cache vite@https://registry.npmjs.org/vite/-/vite-6.3.5.tgz 1ms (cache hit)
153 http cache util-deprecate@https://registry.npmjs.org/util-deprecate/-/util-deprecate-1.0.2.tgz 0ms (cache hit)
154 http cache update-browserslist-db@https://registry.npmjs.org/update-browserslist-db/-/update-browserslist-db-1.1.3.tgz 0ms (cache hit)
155 http cache tslib@https://registry.npmjs.org/tslib/-/tslib-2.8.1.tgz 0ms (cache hit)
156 http cache ts-interface-checker@https://registry.npmjs.org/ts-interface-checker/-/ts-interface-checker-0.1.13.tgz 0ms (cache hit)
157 http cache tree-kill@https://registry.npmjs.org/tree-kill/-/tree-kill-1.2.2.tgz 0ms (cache hit)
158 http cache thenify-all@https://registry.npmjs.org/thenify-all/-/thenify-all-1.6.0.tgz 0ms (cache hit)
159 http cache tinyglobby@https://registry.npmjs.org/tinyglobby/-/tinyglobby-0.2.14.tgz 0ms (cache hit)
160 http cache thenify@https://registry.npmjs.org/thenify/-/thenify-3.3.1.tgz 0ms (cache hit)
161 http cache to-regex-range@https://registry.npmjs.org/to-regex-range/-/to-regex-range-5.0.1.tgz 0ms (cache hit)
162 http cache tar@https://registry.npmjs.org/tar/-/tar-7.4.3.tgz 0ms (cache hit)
163 http cache tapable@https://registry.npmjs.org/tapable/-/tapable-2.2.2.tgz 0ms (cache hit)
164 http cache tailwindcss@https://registry.npmjs.org/tailwindcss/-/tailwindcss-3.4.17.tgz 0ms (cache hit)
165 http cache supports-color@https://registry.npmjs.org/supports-color/-/supports-color-8.1.1.tgz 0ms (cache hit)
166 http cache supports-preserve-symlinks-flag@https://registry.npmjs.org/supports-preserve-symlinks-flag/-/supports-preserve-symlinks-flag-1.0.0.tgz 0ms (cache hit)
167 http cache sucrase@https://registry.npmjs.org/sucrase/-/sucrase-3.35.0.tgz 0ms (cache hit)
168 http cache strip-ansi-cjs@https://registry.npmjs.org/strip-ansi/-/strip-ansi-6.0.1.tgz 0ms (cache hit)
169 http cache string-width@https://registry.npmjs.org/string-width/-/string-width-4.2.3.tgz 1ms (cache hit)
170 http cache strip-ansi@https://registry.npmjs.org/strip-ansi/-/strip-ansi-6.0.1.tgz 0ms (cache hit)
171 http cache string-width-cjs@https://registry.npmjs.org/string-width/-/string-width-4.2.3.tgz 0ms (cache hit)
172 http cache source-map-js@https://registry.npmjs.org/source-map-js/-/source-map-js-1.2.1.tgz 0ms (cache hit)
173 http cache signal-exit@https://registry.npmjs.org/signal-exit/-/signal-exit-4.1.0.tgz 0ms (cache hit)
174 http cache shebang-regex@https://registry.npmjs.org/shebang-regex/-/shebang-regex-3.0.0.tgz 0ms (cache hit)
175 http cache shell-quote@https://registry.npmjs.org/shell-quote/-/shell-quote-1.8.3.tgz 0ms (cache hit)
176 http cache shebang-command@https://registry.npmjs.org/shebang-command/-/shebang-command-2.0.0.tgz 0ms (cache hit)
177 http cache rxjs@https://registry.npmjs.org/rxjs/-/rxjs-7.8.2.tgz 0ms (cache hit)
178 http cache run-parallel@https://registry.npmjs.org/run-parallel/-/run-parallel-1.2.0.tgz 0ms (cache hit)
179 http cache rollup@https://registry.npmjs.org/rollup/-/rollup-4.43.0.tgz 0ms (cache hit)
180 http cache reusify@https://registry.npmjs.org/reusify/-/reusify-1.1.0.tgz 0ms (cache hit)
181 http cache resolve@https://registry.npmjs.org/resolve/-/resolve-1.22.10.tgz 1ms (cache hit)
182 http cache require-directory@https://registry.npmjs.org/require-directory/-/require-directory-2.1.1.tgz 0ms (cache hit)
183 http cache read-cache@https://registry.npmjs.org/read-cache/-/read-cache-1.0.0.tgz 0ms (cache hit)
184 http cache queue-microtask@https://registry.npmjs.org/queue-microtask/-/queue-microtask-1.2.3.tgz 0ms (cache hit)
185 http cache readdirp@https://registry.npmjs.org/readdirp/-/readdirp-3.6.0.tgz 0ms (cache hit)
186 http cache postcss-value-parser@https://registry.npmjs.org/postcss-value-parser/-/postcss-value-parser-4.2.0.tgz 0ms (cache hit)
187 http cache proxy-from-env@https://registry.npmjs.org/proxy-from-env/-/proxy-from-env-1.1.0.tgz 0ms (cache hit)
188 http cache postcss-nested@https://registry.npmjs.org/postcss-nested/-/postcss-nested-6.2.0.tgz 0ms (cache hit)
189 http cache postcss-load-config@https://registry.npmjs.org/postcss-load-config/-/postcss-load-config-4.0.2.tgz 0ms (cache hit)
190 http cache postcss-js@https://registry.npmjs.org/postcss-js/-/postcss-js-4.0.1.tgz 0ms (cache hit)
191 http cache postcss@https://registry.npmjs.org/postcss/-/postcss-8.5.4.tgz 0ms (cache hit)
192 http cache postcss-selector-parser@https://registry.npmjs.org/postcss-selector-parser/-/postcss-selector-parser-6.1.2.tgz 0ms (cache hit)
193 http cache postcss-import@https://registry.npmjs.org/postcss-import/-/postcss-import-15.1.0.tgz 0ms (cache hit)
194 http cache pirates@https://registry.npmjs.org/pirates/-/pirates-4.0.7.tgz 0ms (cache hit)
195 http cache picomatch@https://registry.npmjs.org/picomatch/-/picomatch-4.0.2.tgz 0ms (cache hit)
196 http cache pify@https://registry.npmjs.org/pify/-/pify-2.3.0.tgz 1ms (cache hit)
197 http cache picocolors@https://registry.npmjs.org/picocolors/-/picocolors-1.1.1.tgz 0ms (cache hit)
198 http cache path-scurry@https://registry.npmjs.org/path-scurry/-/path-scurry-1.11.1.tgz 0ms (cache hit)
199 http cache path-parse@https://registry.npmjs.org/path-parse/-/path-parse-1.0.7.tgz 0ms (cache hit)
200 http cache normalize-range@https://registry.npmjs.org/normalize-range/-/normalize-range-0.1.2.tgz 1ms (cache hit)
201 http cache package-json-from-dist@https://registry.npmjs.org/package-json-from-dist/-/package-json-from-dist-1.0.1.tgz 0ms (cache hit)
202 http cache object-hash@https://registry.npmjs.org/object-hash/-/object-hash-3.0.0.tgz 0ms (cache hit)
203 http cache path-key@https://registry.npmjs.org/path-key/-/path-key-3.1.1.tgz 0ms (cache hit)
204 http cache object-assign@https://registry.npmjs.org/object-assign/-/object-assign-4.1.1.tgz 0ms (cache hit)
205 http cache node-releases@https://registry.npmjs.org/node-releases/-/node-releases-2.0.19.tgz 0ms (cache hit)
206 http cache normalize-path@https://registry.npmjs.org/normalize-path/-/normalize-path-3.0.0.tgz 0ms (cache hit)
207 http cache nanoid@https://registry.npmjs.org/nanoid/-/nanoid-3.3.11.tgz 0ms (cache hit)
208 http cache mz@https://registry.npmjs.org/mz/-/mz-2.7.0.tgz 0ms (cache hit)
209 http cache mkdirp@https://registry.npmjs.org/mkdirp/-/mkdirp-3.0.1.tgz 0ms (cache hit)
210 http cache minimatch@https://registry.npmjs.org/minimatch/-/minimatch-9.0.5.tgz 1ms (cache hit)
211 http cache minizlib@https://registry.npmjs.org/minizlib/-/minizlib-3.0.2.tgz 0ms (cache hit)
212 http cache mini-svg-data-uri@https://registry.npmjs.org/mini-svg-data-uri/-/mini-svg-data-uri-1.4.4.tgz 0ms (cache hit)
213 http cache minipass@https://registry.npmjs.org/minipass/-/minipass-7.1.2.tgz 0ms (cache hit)
214 http cache mime-db@https://registry.npmjs.org/mime-db/-/mime-db-1.52.0.tgz 0ms (cache hit)
215 http cache merge2@https://registry.npmjs.org/merge2/-/merge2-1.4.1.tgz 0ms (cache hit)
216 http cache micromatch@https://registry.npmjs.org/micromatch/-/micromatch-4.0.8.tgz 0ms (cache hit)
217 http cache math-intrinsics@https://registry.npmjs.org/math-intrinsics/-/math-intrinsics-1.1.0.tgz 0ms (cache hit)
218 http cache lru-cache@https://registry.npmjs.org/lru-cache/-/lru-cache-10.4.3.tgz 0ms (cache hit)
219 http cache lodash@https://registry.npmjs.org/lodash/-/lodash-4.17.21.tgz 0ms (cache hit)
220 http cache magic-string@https://registry.npmjs.org/magic-string/-/magic-string-0.30.17.tgz 0ms (cache hit)
221 http cache mime-types@https://registry.npmjs.org/mime-types/-/mime-types-2.1.35.tgz 0ms (cache hit)
222 http cache lilconfig@https://registry.npmjs.org/lilconfig/-/lilconfig-3.1.3.tgz 0ms (cache hit)
223 http cache lightningcss-win32-x64-msvc@https://registry.npmjs.org/lightningcss-win32-x64-msvc/-/lightningcss-win32-x64-msvc-1.30.1.tgz 0ms (cache hit)
224 http cache lines-and-columns@https://registry.npmjs.org/lines-and-columns/-/lines-and-columns-1.2.4.tgz 0ms (cache hit)
225 http cache lightningcss@https://registry.npmjs.org/lightningcss/-/lightningcss-1.30.1.tgz 0ms (cache hit)
226 http cache laravel-vite-plugin@https://registry.npmjs.org/laravel-vite-plugin/-/laravel-vite-plugin-1.3.0.tgz 0ms (cache hit)
227 http cache jackspeak@https://registry.npmjs.org/jackspeak/-/jackspeak-3.4.3.tgz 0ms (cache hit)
228 http cache jiti@https://registry.npmjs.org/jiti/-/jiti-2.4.2.tgz 0ms (cache hit)
229 http cache is-fullwidth-code-point@https://registry.npmjs.org/is-fullwidth-code-point/-/is-fullwidth-code-point-3.0.0.tgz 0ms (cache hit)
230 http cache is-glob@https://registry.npmjs.org/is-glob/-/is-glob-4.0.3.tgz 0ms (cache hit)
231 http cache isexe@https://registry.npmjs.org/isexe/-/isexe-2.0.0.tgz 0ms (cache hit)
232 http cache is-number@https://registry.npmjs.org/is-number/-/is-number-7.0.0.tgz 0ms (cache hit)
233 http cache is-binary-path@https://registry.npmjs.org/is-binary-path/-/is-binary-path-2.1.0.tgz 0ms (cache hit)
234 http cache is-core-module@https://registry.npmjs.org/is-core-module/-/is-core-module-2.16.1.tgz 1ms (cache hit)
235 http cache hasown@https://registry.npmjs.org/hasown/-/hasown-2.0.2.tgz 0ms (cache hit)
236 http cache has-tostringtag@https://registry.npmjs.org/has-tostringtag/-/has-tostringtag-1.0.2.tgz 0ms (cache hit)
237 http cache has-symbols@https://registry.npmjs.org/has-symbols/-/has-symbols-1.1.0.tgz 0ms (cache hit)
238 http cache graceful-fs@https://registry.npmjs.org/graceful-fs/-/graceful-fs-4.2.11.tgz 0ms (cache hit)
239 http cache gopd@https://registry.npmjs.org/gopd/-/gopd-1.2.0.tgz 0ms (cache hit)
240 http cache glob-parent@https://registry.npmjs.org/glob-parent/-/glob-parent-6.0.2.tgz 0ms (cache hit)
241 http cache glob@https://registry.npmjs.org/glob/-/glob-10.4.5.tgz 0ms (cache hit)
242 http cache get-proto@https://registry.npmjs.org/get-proto/-/get-proto-1.0.1.tgz 0ms (cache hit)
243 http cache get-intrinsic@https://registry.npmjs.org/get-intrinsic/-/get-intrinsic-1.3.0.tgz 0ms (cache hit)
244 http cache function-bind@https://registry.npmjs.org/function-bind/-/function-bind-1.1.2.tgz 0ms (cache hit)
245 http cache is-extglob@https://registry.npmjs.org/is-extglob/-/is-extglob-2.1.1.tgz 0ms (cache hit)
246 http cache has-flag@https://registry.npmjs.org/has-flag/-/has-flag-4.0.0.tgz 0ms (cache hit)
247 http cache fraction.js@https://registry.npmjs.org/fraction.js/-/fraction.js-4.3.7.tgz 0ms (cache hit)
248 http cache form-data@https://registry.npmjs.org/form-data/-/form-data-4.0.3.tgz 0ms (cache hit)
249 http cache fill-range@https://registry.npmjs.org/fill-range/-/fill-range-7.1.1.tgz 0ms (cache hit)
250 http cache fastq@https://registry.npmjs.org/fastq/-/fastq-1.19.1.tgz 0ms (cache hit)
251 http cache follow-redirects@https://registry.npmjs.org/follow-redirects/-/follow-redirects-1.15.9.tgz 0ms (cache hit)
252 http cache foreground-child@https://registry.npmjs.org/foreground-child/-/foreground-child-3.3.1.tgz 0ms (cache hit)
253 http cache get-caller-file@https://registry.npmjs.org/get-caller-file/-/get-caller-file-2.0.5.tgz 0ms (cache hit)
254 http cache escalade@https://registry.npmjs.org/escalade/-/escalade-3.2.0.tgz 0ms (cache hit)
255 http cache fast-glob@https://registry.npmjs.org/fast-glob/-/fast-glob-3.3.3.tgz 0ms (cache hit)
256 http cache fdir@https://registry.npmjs.org/fdir/-/fdir-6.4.6.tgz 0ms (cache hit)
257 http cache esbuild@https://registry.npmjs.org/esbuild/-/esbuild-0.25.5.tgz 0ms (cache hit)
258 http cache es-object-atoms@https://registry.npmjs.org/es-object-atoms/-/es-object-atoms-1.1.1.tgz 0ms (cache hit)
259 http cache es-define-property@https://registry.npmjs.org/es-define-property/-/es-define-property-1.0.1.tgz 0ms (cache hit)
260 http cache es-errors@https://registry.npmjs.org/es-errors/-/es-errors-1.3.0.tgz 0ms (cache hit)
261 http cache enhanced-resolve@https://registry.npmjs.org/enhanced-resolve/-/enhanced-resolve-5.18.1.tgz 0ms (cache hit)
262 http cache es-set-tostringtag@https://registry.npmjs.org/es-set-tostringtag/-/es-set-tostringtag-2.1.0.tgz 0ms (cache hit)
263 http cache electron-to-chromium@https://registry.npmjs.org/electron-to-chromium/-/electron-to-chromium-1.5.166.tgz 0ms (cache hit)
264 http cache emoji-regex@https://registry.npmjs.org/emoji-regex/-/emoji-regex-8.0.0.tgz 0ms (cache hit)
265 http cache eastasianwidth@https://registry.npmjs.org/eastasianwidth/-/eastasianwidth-0.2.0.tgz 0ms (cache hit)
266 http cache dlv@https://registry.npmjs.org/dlv/-/dlv-1.1.3.tgz 0ms (cache hit)
267 http cache dunder-proto@https://registry.npmjs.org/dunder-proto/-/dunder-proto-1.0.1.tgz 0ms (cache hit)
268 http cache didyoumean@https://registry.npmjs.org/didyoumean/-/didyoumean-1.2.2.tgz 0ms (cache hit)
269 http cache detect-libc@https://registry.npmjs.org/detect-libc/-/detect-libc-2.0.4.tgz 0ms (cache hit)
270 http cache delayed-stream@https://registry.npmjs.org/delayed-stream/-/delayed-stream-1.0.0.tgz 0ms (cache hit)
271 http cache cross-spawn@https://registry.npmjs.org/cross-spawn/-/cross-spawn-7.0.6.tgz 0ms (cache hit)
272 http cache concurrently@https://registry.npmjs.org/concurrently/-/concurrently-9.1.2.tgz 0ms (cache hit)
273 http cache cssesc@https://registry.npmjs.org/cssesc/-/cssesc-3.0.0.tgz 0ms (cache hit)
274 http cache combined-stream@https://registry.npmjs.org/combined-stream/-/combined-stream-1.0.8.tgz 0ms (cache hit)
275 http cache color-name@https://registry.npmjs.org/color-name/-/color-name-1.1.4.tgz 0ms (cache hit)
276 http cache chownr@https://registry.npmjs.org/chownr/-/chownr-3.0.0.tgz 0ms (cache hit)
277 http cache cliui@https://registry.npmjs.org/cliui/-/cliui-8.0.1.tgz 0ms (cache hit)
278 http cache chokidar@https://registry.npmjs.org/chokidar/-/chokidar-3.6.0.tgz 0ms (cache hit)
279 http cache color-convert@https://registry.npmjs.org/color-convert/-/color-convert-2.0.1.tgz 0ms (cache hit)
280 http cache chalk@https://registry.npmjs.org/chalk/-/chalk-4.1.2.tgz 0ms (cache hit)
281 http cache caniuse-lite@https://registry.npmjs.org/caniuse-lite/-/caniuse-lite-1.0.30001722.tgz 0ms (cache hit)
282 http cache call-bind-apply-helpers@https://registry.npmjs.org/call-bind-apply-helpers/-/call-bind-apply-helpers-1.0.2.tgz 0ms (cache hit)
283 http cache camelcase-css@https://registry.npmjs.org/camelcase-css/-/camelcase-css-2.0.1.tgz 0ms (cache hit)
284 http cache braces@https://registry.npmjs.org/braces/-/braces-3.0.3.tgz 0ms (cache hit)
285 http cache browserslist@https://registry.npmjs.org/browserslist/-/browserslist-4.25.0.tgz 0ms (cache hit)
286 http cache brace-expansion@https://registry.npmjs.org/brace-expansion/-/brace-expansion-2.0.2.tgz 0ms (cache hit)
287 http cache binary-extensions@https://registry.npmjs.org/binary-extensions/-/binary-extensions-2.3.0.tgz 0ms (cache hit)
288 http cache autoprefixer@https://registry.npmjs.org/autoprefixer/-/autoprefixer-10.4.21.tgz 0ms (cache hit)
289 http cache balanced-match@https://registry.npmjs.org/balanced-match/-/balanced-match-1.0.2.tgz 0ms (cache hit)
290 http cache axios@https://registry.npmjs.org/axios/-/axios-1.9.0.tgz 0ms (cache hit)
291 http cache arg@https://registry.npmjs.org/arg/-/arg-5.0.2.tgz 0ms (cache hit)
292 http cache asynckit@https://registry.npmjs.org/asynckit/-/asynckit-0.4.0.tgz 0ms (cache hit)
293 http cache anymatch@https://registry.npmjs.org/anymatch/-/anymatch-3.1.3.tgz 0ms (cache hit)
294 http cache any-promise@https://registry.npmjs.org/any-promise/-/any-promise-1.3.0.tgz 0ms (cache hit)
295 http cache ansi-styles@https://registry.npmjs.org/ansi-styles/-/ansi-styles-4.3.0.tgz 0ms (cache hit)
296 http cache ansi-regex@https://registry.npmjs.org/ansi-regex/-/ansi-regex-5.0.1.tgz 0ms (cache hit)
297 http cache alpinejs@https://registry.npmjs.org/alpinejs/-/alpinejs-3.14.9.tgz 0ms (cache hit)
298 http cache @vue/shared@https://registry.npmjs.org/@vue/shared/-/shared-3.1.5.tgz 0ms (cache hit)
299 http cache @vue/reactivity@https://registry.npmjs.org/@vue/reactivity/-/reactivity-3.1.5.tgz 0ms (cache hit)
300 http cache @tailwindcss/vite@https://registry.npmjs.org/@tailwindcss/vite/-/vite-4.1.9.tgz 0ms (cache hit)
301 http cache @types/estree@https://registry.npmjs.org/@types/estree/-/estree-1.0.7.tgz 0ms (cache hit)
302 http cache @tailwindcss/oxide@https://registry.npmjs.org/@tailwindcss/oxide/-/oxide-4.1.9.tgz 0ms (cache hit)
303 http cache @tailwindcss/oxide-win32-x64-msvc@https://registry.npmjs.org/@tailwindcss/oxide-win32-x64-msvc/-/oxide-win32-x64-msvc-4.1.9.tgz 0ms (cache hit)
304 http cache @tailwindcss/node@https://registry.npmjs.org/@tailwindcss/node/-/node-4.1.9.tgz 0ms (cache hit)
305 http cache @rollup/rollup-win32-x64-msvc@https://registry.npmjs.org/@rollup/rollup-win32-x64-msvc/-/rollup-win32-x64-msvc-4.43.0.tgz 0ms (cache hit)
306 http cache @tailwindcss/forms@https://registry.npmjs.org/@tailwindcss/forms/-/forms-0.5.10.tgz 0ms (cache hit)
307 http cache @nodelib/fs.walk@https://registry.npmjs.org/@nodelib/fs.walk/-/fs.walk-1.2.8.tgz 0ms (cache hit)
308 http cache @pkgjs/parseargs@https://registry.npmjs.org/@pkgjs/parseargs/-/parseargs-0.11.0.tgz 0ms (cache hit)
309 http cache @nodelib/fs.stat@https://registry.npmjs.org/@nodelib/fs.stat/-/fs.stat-2.0.5.tgz 0ms (cache hit)
310 http cache @nodelib/fs.scandir@https://registry.npmjs.org/@nodelib/fs.scandir/-/fs.scandir-2.1.5.tgz 0ms (cache hit)
311 http cache @jridgewell/sourcemap-codec@https://registry.npmjs.org/@jridgewell/sourcemap-codec/-/sourcemap-codec-1.5.0.tgz 0ms (cache hit)
312 http cache @jridgewell/resolve-uri@https://registry.npmjs.org/@jridgewell/resolve-uri/-/resolve-uri-3.1.2.tgz 0ms (cache hit)
313 http cache @jridgewell/trace-mapping@https://registry.npmjs.org/@jridgewell/trace-mapping/-/trace-mapping-0.3.25.tgz 0ms (cache hit)
314 http cache @isaacs/fs-minipass@https://registry.npmjs.org/@isaacs/fs-minipass/-/fs-minipass-4.0.1.tgz 0ms (cache hit)
315 http cache @jridgewell/set-array@https://registry.npmjs.org/@jridgewell/set-array/-/set-array-1.2.1.tgz 0ms (cache hit)
316 http cache @jridgewell/gen-mapping@https://registry.npmjs.org/@jridgewell/gen-mapping/-/gen-mapping-0.3.8.tgz 0ms (cache hit)
317 http cache @esbuild/win32-x64@https://registry.npmjs.org/@esbuild/win32-x64/-/win32-x64-0.25.5.tgz 0ms (cache hit)
318 http cache @ampproject/remapping@https://registry.npmjs.org/@ampproject/remapping/-/remapping-2.3.0.tgz 0ms (cache hit)
319 http cache picomatch@https://registry.npmjs.org/picomatch/-/picomatch-2.3.1.tgz 0ms (cache hit)
320 http cache @alloc/quick-lru@https://registry.npmjs.org/@alloc/quick-lru/-/quick-lru-5.2.0.tgz 0ms (cache hit)
321 http cache jiti@https://registry.npmjs.org/jiti/-/jiti-1.21.7.tgz 0ms (cache hit)
322 http cache commander@https://registry.npmjs.org/commander/-/commander-4.1.1.tgz 0ms (cache hit)
323 http cache @isaacs/cliui@https://registry.npmjs.org/@isaacs/cliui/-/cliui-8.0.2.tgz 0ms (cache hit)
324 http cache picomatch@https://registry.npmjs.org/picomatch/-/picomatch-2.3.1.tgz 0ms (cache hit)
325 http cache glob-parent@https://registry.npmjs.org/glob-parent/-/glob-parent-5.1.2.tgz 0ms (cache hit)
326 http cache picomatch@https://registry.npmjs.org/picomatch/-/picomatch-2.3.1.tgz 1ms (cache hit)
327 http cache glob-parent@https://registry.npmjs.org/glob-parent/-/glob-parent-5.1.2.tgz 0ms (cache hit)
328 http cache supports-color@https://registry.npmjs.org/supports-color/-/supports-color-7.2.0.tgz 0ms (cache hit)
329 http cache tailwindcss@https://registry.npmjs.org/tailwindcss/-/tailwindcss-4.1.9.tgz 0ms (cache hit)
330 http cache tailwindcss@https://registry.npmjs.org/tailwindcss/-/tailwindcss-4.1.9.tgz 0ms (cache hit)
331 http cache wrap-ansi@https://registry.npmjs.org/wrap-ansi/-/wrap-ansi-8.1.0.tgz 0ms (cache hit)
332 http cache strip-ansi@https://registry.npmjs.org/strip-ansi/-/strip-ansi-7.1.0.tgz 0ms (cache hit)
333 http cache emoji-regex@https://registry.npmjs.org/emoji-regex/-/emoji-regex-9.2.2.tgz 0ms (cache hit)
334 http cache string-width@https://registry.npmjs.org/string-width/-/string-width-5.1.2.tgz 0ms (cache hit)
335 http cache ansi-regex@https://registry.npmjs.org/ansi-regex/-/ansi-regex-6.1.0.tgz 0ms (cache hit)
336 http cache picomatch@https://registry.npmjs.org/picomatch/-/picomatch-2.3.1.tgz 0ms (cache hit)
337 http cache ansi-styles@https://registry.npmjs.org/ansi-styles/-/ansi-styles-6.2.1.tgz 0ms (cache hit)
338 info run @tailwindcss/oxide@4.1.9 postinstall node_modules/@tailwindcss/oxide node ./scripts/install.js
339 info run esbuild@0.25.5 postinstall node_modules/esbuild node install.js
340 info run @tailwindcss/oxide@4.1.9 postinstall { code: 0, signal: null }
341 info run esbuild@0.25.5 postinstall { code: 0, signal: null }
342 silly ADD node_modules/yargs-parser
343 silly ADD node_modules/yargs
344 silly ADD node_modules/yaml
345 silly ADD node_modules/yallist
346 silly ADD node_modules/y18n
347 silly ADD node_modules/wrap-ansi-cjs
348 silly ADD node_modules/wrap-ansi
349 silly ADD node_modules/which
350 silly ADD node_modules/vite-plugin-full-reload
351 silly ADD node_modules/vite-plugin-full-reload/node_modules/picomatch
352 silly ADD node_modules/vite
353 silly ADD node_modules/util-deprecate
354 silly ADD node_modules/update-browserslist-db
355 silly ADD node_modules/tslib
356 silly ADD node_modules/ts-interface-checker
357 silly ADD node_modules/tree-kill
358 silly ADD node_modules/to-regex-range
359 silly ADD node_modules/tinyglobby
360 silly ADD node_modules/thenify-all
361 silly ADD node_modules/thenify
362 silly ADD node_modules/tar
363 silly ADD node_modules/tapable
364 silly ADD node_modules/tailwindcss
365 silly ADD node_modules/tailwindcss/node_modules/jiti
366 silly ADD node_modules/supports-preserve-symlinks-flag
367 silly ADD node_modules/supports-color
368 silly ADD node_modules/sucrase
369 silly ADD node_modules/strip-ansi-cjs
370 silly ADD node_modules/strip-ansi
371 silly ADD node_modules/string-width-cjs
372 silly ADD node_modules/string-width
373 silly ADD node_modules/source-map-js
374 silly ADD node_modules/signal-exit
375 silly ADD node_modules/shell-quote
376 silly ADD node_modules/shebang-regex
377 silly ADD node_modules/shebang-command
378 silly ADD node_modules/rxjs
379 silly ADD node_modules/run-parallel
380 silly ADD node_modules/rollup
381 silly ADD node_modules/reusify
382 silly ADD node_modules/resolve
383 silly ADD node_modules/require-directory
384 silly ADD node_modules/readdirp
385 silly ADD node_modules/readdirp/node_modules/picomatch
386 silly ADD node_modules/read-cache
387 silly ADD node_modules/queue-microtask
388 silly ADD node_modules/proxy-from-env
389 silly ADD node_modules/postcss-value-parser
390 silly ADD node_modules/postcss-selector-parser
391 silly ADD node_modules/postcss-nested
392 silly ADD node_modules/postcss-load-config
393 silly ADD node_modules/postcss-js
394 silly ADD node_modules/postcss-import
395 silly ADD node_modules/postcss
396 silly ADD node_modules/pirates
397 silly ADD node_modules/pify
398 silly ADD node_modules/picomatch
399 silly ADD node_modules/picocolors
400 silly ADD node_modules/path-scurry
401 silly ADD node_modules/path-parse
402 silly ADD node_modules/path-key
403 silly ADD node_modules/package-json-from-dist
404 silly ADD node_modules/object-hash
405 silly ADD node_modules/object-assign
406 silly ADD node_modules/normalize-range
407 silly ADD node_modules/normalize-path
408 silly ADD node_modules/node-releases
409 silly ADD node_modules/nanoid
410 silly ADD node_modules/mz
411 silly ADD node_modules/mkdirp
412 silly ADD node_modules/minizlib
413 silly ADD node_modules/minipass
414 silly ADD node_modules/minimatch
415 silly ADD node_modules/mini-svg-data-uri
416 silly ADD node_modules/mime-types
417 silly ADD node_modules/mime-db
418 silly ADD node_modules/micromatch
419 silly ADD node_modules/micromatch/node_modules/picomatch
420 silly ADD node_modules/merge2
421 silly ADD node_modules/math-intrinsics
422 silly ADD node_modules/magic-string
423 silly ADD node_modules/lru-cache
424 silly ADD node_modules/lodash
425 silly ADD node_modules/lines-and-columns
426 silly ADD node_modules/lilconfig
427 silly ADD node_modules/lightningcss-win32-x64-msvc
428 silly ADD
429 silly ADD
430 silly ADD
431 silly ADD
432 silly ADD
433 silly ADD
434 silly ADD
435 silly ADD
436 silly ADD
437 silly ADD node_modules/lightningcss
438 silly ADD node_modules/laravel-vite-plugin
439 silly ADD node_modules/jiti
440 silly ADD node_modules/jackspeak
441 silly ADD node_modules/isexe
442 silly ADD node_modules/is-number
443 silly ADD node_modules/is-glob
444 silly ADD node_modules/is-fullwidth-code-point
445 silly ADD node_modules/is-extglob
446 silly ADD node_modules/is-core-module
447 silly ADD node_modules/is-binary-path
448 silly ADD node_modules/hasown
449 silly ADD node_modules/has-tostringtag
450 silly ADD node_modules/has-symbols
451 silly ADD node_modules/has-flag
452 silly ADD node_modules/graceful-fs
453 silly ADD node_modules/gopd
454 silly ADD node_modules/glob-parent
455 silly ADD node_modules/glob
456 silly ADD node_modules/get-proto
457 silly ADD node_modules/get-intrinsic
458 silly ADD node_modules/get-caller-file
459 silly ADD node_modules/function-bind
460 silly ADD
461 silly ADD node_modules/fraction.js
462 silly ADD node_modules/form-data
463 silly ADD node_modules/foreground-child
464 silly ADD node_modules/follow-redirects
465 silly ADD node_modules/fill-range
466 silly ADD node_modules/fdir
467 silly ADD node_modules/fastq
468 silly ADD node_modules/fast-glob
469 silly ADD node_modules/fast-glob/node_modules/glob-parent
470 silly ADD node_modules/escalade
471 silly ADD node_modules/esbuild
472 silly ADD node_modules/es-set-tostringtag
473 silly ADD node_modules/es-object-atoms
474 silly ADD node_modules/es-errors
475 silly ADD node_modules/es-define-property
476 silly ADD node_modules/enhanced-resolve
477 silly ADD node_modules/emoji-regex
478 silly ADD node_modules/electron-to-chromium
479 silly ADD node_modules/eastasianwidth
480 silly ADD node_modules/dunder-proto
481 silly ADD node_modules/dlv
482 silly ADD node_modules/didyoumean
483 silly ADD node_modules/detect-libc
484 silly ADD node_modules/delayed-stream
485 silly ADD node_modules/cssesc
486 silly ADD node_modules/cross-spawn
487 silly ADD node_modules/concurrently
488 silly ADD node_modules/commander
489 silly ADD node_modules/combined-stream
490 silly ADD node_modules/color-name
491 silly ADD node_modules/color-convert
492 silly ADD node_modules/cliui
493 silly ADD node_modules/chownr
494 silly ADD node_modules/chokidar
495 silly ADD node_modules/chokidar/node_modules/glob-parent
496 silly ADD node_modules/chalk
497 silly ADD node_modules/chalk/node_modules/supports-color
498 silly ADD node_modules/caniuse-lite
499 silly ADD node_modules/camelcase-css
500 silly ADD node_modules/call-bind-apply-helpers
501 silly ADD node_modules/browserslist
502 silly ADD node_modules/braces
503 silly ADD node_modules/brace-expansion
504 silly ADD node_modules/binary-extensions
505 silly ADD node_modules/balanced-match
506 silly ADD node_modules/axios
507 silly ADD node_modules/autoprefixer
508 silly ADD node_modules/asynckit
509 silly ADD node_modules/arg
510 silly ADD node_modules/anymatch
511 silly ADD node_modules/anymatch/node_modules/picomatch
512 silly ADD node_modules/any-promise
513 silly ADD node_modules/ansi-styles
514 silly ADD node_modules/ansi-regex
515 silly ADD node_modules/alpinejs
516 silly ADD node_modules/@vue/shared
517 silly ADD node_modules/@vue/reactivity
518 silly ADD node_modules/@types/estree
519 silly ADD node_modules/@tailwindcss/vite
520 silly ADD node_modules/@tailwindcss/vite/node_modules/tailwindcss
521 silly ADD node_modules/@tailwindcss/oxide-win32-x64-msvc
522 silly ADD
523 silly ADD
524 silly ADD
525 silly ADD
526 silly ADD
527 silly ADD
528 silly ADD
529 silly ADD
530 silly ADD
531 silly ADD
532 silly ADD
533 silly ADD node_modules/@tailwindcss/oxide
534 silly ADD node_modules/@tailwindcss/node
535 silly ADD node_modules/@tailwindcss/node/node_modules/tailwindcss
536 silly ADD node_modules/@tailwindcss/forms
537 silly ADD node_modules/@rollup/rollup-win32-x64-msvc
538 silly ADD
539 silly ADD
540 silly ADD
541 silly ADD
542 silly ADD
543 silly ADD
544 silly ADD
545 silly ADD
546 silly ADD
547 silly ADD
548 silly ADD
549 silly ADD
550 silly ADD
551 silly ADD
552 silly ADD
553 silly ADD
554 silly ADD
555 silly ADD
556 silly ADD
557 silly ADD node_modules/@pkgjs/parseargs
558 silly ADD node_modules/@nodelib/fs.walk
559 silly ADD node_modules/@nodelib/fs.stat
560 silly ADD node_modules/@nodelib/fs.scandir
561 silly ADD node_modules/@jridgewell/trace-mapping
562 silly ADD node_modules/@jridgewell/sourcemap-codec
563 silly ADD node_modules/@jridgewell/set-array
564 silly ADD node_modules/@jridgewell/resolve-uri
565 silly ADD node_modules/@jridgewell/gen-mapping
566 silly ADD node_modules/@isaacs/fs-minipass
567 silly ADD node_modules/@isaacs/cliui
568 silly ADD node_modules/@isaacs/cliui/node_modules/wrap-ansi
569 silly ADD node_modules/@isaacs/cliui/node_modules/strip-ansi
570 silly ADD node_modules/@isaacs/cliui/node_modules/string-width
571 silly ADD node_modules/@isaacs/cliui/node_modules/emoji-regex
572 silly ADD node_modules/@isaacs/cliui/node_modules/ansi-styles
573 silly ADD node_modules/@isaacs/cliui/node_modules/ansi-regex
574 silly ADD node_modules/@esbuild/win32-x64
575 silly ADD
576 silly ADD
577 silly ADD
578 silly ADD
579 silly ADD
580 silly ADD
581 silly ADD
582 silly ADD
583 silly ADD
584 silly ADD
585 silly ADD
586 silly ADD
587 silly ADD
588 silly ADD
589 silly ADD
590 silly ADD
591 silly ADD
592 silly ADD
593 silly ADD
594 silly ADD
595 silly ADD
596 silly ADD
597 silly ADD
598 silly ADD
599 silly ADD node_modules/@ampproject/remapping
600 silly ADD node_modules/@alloc/quick-lru
601 verbose cwd C:\Users\israe\OneDrive\Desktop\Pasantia\App Movil\bolipost-main
602 verbose os Windows_NT 10.0.26200
603 verbose node v22.13.1
604 verbose npm  v10.9.2
605 verbose exit 0
606 info ok
